2024-11-14 00:09:28.613 [Test worker] INFO  com.girish.utility.PrimeNumberGenerator - Entered input limit for generating prime numbers is: 1000
2024-11-14 00:09:28.787 [Test worker] INFO  com.girish.utility.PrimeNumberGenerator - NOTE: Given range to generate prime numbers are between 1 - 1000!
2024-11-14 00:09:28.789 [Test worker] INFO  com.girish.utility.PrimeNumberGenerator - Checking limit range....
2024-11-14 00:09:28.790 [Test worker] INFO  com.girish.utility.PrimeNumberGenerator - Limit range passed!
2024-11-14 00:09:28.803 [Test worker] INFO  com.girish.utility.PrimeNumberGenerator - Prime numbers for limit: 1000 is: [2, 3, 5, 7, 11, 13, 17, 19, 23, 29, 31, 37, 41, 43, 47, 53, 59, 61, 67, 71, 73, 79, 83, 89, 97, 101, 103, 107, 109, 113, 127, 131, 137, 139, 149, 151, 157, 163, 167, 173, 179, 181, 191, 193, 197, 199, 211, 223, 227, 229, 233, 239, 241, 251, 257, 263, 269, 271, 277, 281, 283, 293, 307, 311, 313, 317, 331, 337, 347, 349, 353, 359, 367, 373, 379, 383, 389, 397, 401, 409, 419, 421, 431, 433, 439, 443, 449, 457, 461, 463, 467, 479, 487, 491, 499, 503, 509, 521, 523, 541, 547, 557, 563, 569, 571, 577, 587, 593, 599, 601, 607, 613, 617, 619, 631, 641, 643, 647, 653, 659, 661, 673, 677, 683, 691, 701, 709, 719, 727, 733, 739, 743, 751, 757, 761, 769, 773, 787, 797, 809, 811, 821, 823, 827, 829, 839, 853, 857, 859, 863, 877, 881, 883, 887, 907, 911, 919, 929, 937, 941, 947, 953, 967, 971, 977, 983, 991, 997]
2024-11-14 00:09:28.914 [Test worker] INFO  com.girish.utility.PrimeNumberGenerator - Entered input limit for generating prime numbers is: 2000
2024-11-14 00:09:28.915 [Test worker] INFO  com.girish.utility.PrimeNumberGenerator - NOTE: Given range to generate prime numbers are between 1 - 1000!
2024-11-14 00:09:28.916 [Test worker] INFO  com.girish.utility.PrimeNumberGenerator - Checking limit range....
2024-11-14 00:09:28.917 [Test worker] ERROR com.girish.utility.PrimeNumberGenerator - Limit range failed!
2024-11-14 00:09:28.925 [Test worker] INFO  com.girish.utility.PrimeNumberGenerator - Entered input limit for generating prime numbers is: 1
2024-11-14 00:09:28.926 [Test worker] INFO  com.girish.utility.PrimeNumberGenerator - NOTE: Given range to generate prime numbers are between 1 - 1000!
2024-11-14 00:09:28.926 [Test worker] INFO  com.girish.utility.PrimeNumberGenerator - Checking limit range....
2024-11-14 00:09:28.927 [Test worker] ERROR com.girish.utility.PrimeNumberGenerator - Limit range failed!
2024-11-14 00:09:28.941 [Test worker] INFO  com.girish.utility.PrimeNumberGenerator - Entered input limit for generating prime numbers is: 10
2024-11-14 00:09:28.942 [Test worker] INFO  com.girish.utility.PrimeNumberGenerator - NOTE: Given range to generate prime numbers are between 1 - 1000!
2024-11-14 00:09:28.943 [Test worker] INFO  com.girish.utility.PrimeNumberGenerator - Checking limit range....
2024-11-14 00:09:28.944 [Test worker] INFO  com.girish.utility.PrimeNumberGenerator - Limit range passed!
2024-11-14 00:09:28.945 [Test worker] INFO  com.girish.utility.PrimeNumberGenerator - Prime numbers for limit: 10 is: [2, 3, 5, 7]
2024-11-14 00:51:50.366 [Test worker] INFO  com.girish.utility.PrimeNumberGenerator - Entered input limit for generating prime numbers is: 5
2024-11-14 00:51:50.375 [Test worker] INFO  com.girish.utility.PrimeNumberGenerator - NOTE: Given range to generate prime numbers are between 1 - 1000!
2024-11-14 00:51:50.376 [Test worker] INFO  com.girish.utility.PrimeNumberGenerator - Checking limit range....
2024-11-14 00:51:50.376 [Test worker] INFO  com.girish.utility.PrimeNumberGenerator - Limit range passed!
2024-11-14 00:51:50.380 [Test worker] INFO  com.girish.utility.PrimeNumberGenerator - Prime numbers for limit: 5 is: [2, 3]
2024-11-14 00:52:53.564 [Test worker] INFO  com.girish.utility.PrimeNumberGenerator - Entered input limit for generating prime numbers is: 8
2024-11-14 00:52:53.575 [Test worker] INFO  com.girish.utility.PrimeNumberGenerator - NOTE: Given range to generate prime numbers are between 1 - 1000!
2024-11-14 00:52:53.577 [Test worker] INFO  com.girish.utility.PrimeNumberGenerator - Checking limit range....
2024-11-14 00:52:53.577 [Test worker] INFO  com.girish.utility.PrimeNumberGenerator - Limit range passed!
2024-11-14 00:52:53.580 [Test worker] INFO  com.girish.utility.PrimeNumberGenerator - Prime numbers for limit: 8 is: [2, 3, 5, 7]
2024-11-14 00:53:34.596 [Test worker] INFO  com.girish.utility.PrimeNumberGenerator - Entered input limit for generating prime numbers is: 3
2024-11-14 00:53:34.606 [Test worker] INFO  com.girish.utility.PrimeNumberGenerator - NOTE: Given range to generate prime numbers are between 1 - 1000!
2024-11-14 00:53:34.607 [Test worker] INFO  com.girish.utility.PrimeNumberGenerator - Checking limit range....
2024-11-14 00:53:34.607 [Test worker] INFO  com.girish.utility.PrimeNumberGenerator - Limit range passed!
2024-11-14 00:53:34.610 [Test worker] INFO  com.girish.utility.PrimeNumberGenerator - Prime numbers for limit: 3 is: [2]
2024-11-14 00:54:35.769 [Test worker] INFO  com.girish.utility.PrimeNumberGenerator - Entered input limit for generating prime numbers is: 6
2024-11-14 00:54:35.780 [Test worker] INFO  com.girish.utility.PrimeNumberGenerator - NOTE: Given range to generate prime numbers are between 1 - 1000!
2024-11-14 00:54:35.781 [Test worker] INFO  com.girish.utility.PrimeNumberGenerator - Checking limit range....
2024-11-14 00:54:35.781 [Test worker] INFO  com.girish.utility.PrimeNumberGenerator - Limit range passed!
2024-11-14 00:54:35.785 [Test worker] INFO  com.girish.utility.PrimeNumberGenerator - Prime numbers for limit: 6 is: [2, 3, 5]
2024-11-14 01:57:25.975 [Test worker] INFO  com.girish.utility.PrimeNumberGenerator - Entered input limit for generating prime numbers is: 1000
2024-11-14 01:57:26.028 [Test worker] INFO  com.girish.utility.PrimeNumberGenerator - NOTE: Given range to generate prime numbers are between 1 - 1000!
2024-11-14 01:57:26.029 [Test worker] INFO  com.girish.utility.PrimeNumberGenerator - Checking limit range....
2024-11-14 01:57:26.032 [Test worker] INFO  com.girish.utility.PrimeNumberGenerator - Limit range passed!
2024-11-14 01:57:26.046 [Test worker] INFO  com.girish.utility.PrimeNumberGenerator - Prime numbers for limit: 1000 is: [2, 3, 5, 7, 11, 13, 17, 19, 23, 29, 31, 37, 41, 43, 47, 53, 59, 61, 67, 71, 73, 79, 83, 89, 97, 101, 103, 107, 109, 113, 127, 131, 137, 139, 149, 151, 157, 163, 167, 173, 179, 181, 191, 193, 197, 199, 211, 223, 227, 229, 233, 239, 241, 251, 257, 263, 269, 271, 277, 281, 283, 293, 307, 311, 313, 317, 331, 337, 347, 349, 353, 359, 367, 373, 379, 383, 389, 397, 401, 409, 419, 421, 431, 433, 439, 443, 449, 457, 461, 463, 467, 479, 487, 491, 499, 503, 509, 521, 523, 541, 547, 557, 563, 569, 571, 577, 587, 593, 599, 601, 607, 613, 617, 619, 631, 641, 643, 647, 653, 659, 661, 673, 677, 683, 691, 701, 709, 719, 727, 733, 739, 743, 751, 757, 761, 769, 773, 787, 797, 809, 811, 821, 823, 827, 829, 839, 853, 857, 859, 863, 877, 881, 883, 887, 907, 911, 919, 929, 937, 941, 947, 953, 967, 971, 977, 983, 991, 997]
2024-11-14 02:00:51.584 [Test worker] INFO  com.girish.utility.PrimeNumberGenerator - Entered input limit for generating prime numbers is: 1000
2024-11-14 02:00:51.804 [Test worker] INFO  com.girish.utility.PrimeNumberGenerator - NOTE: Given range to generate prime numbers are between 1 - 1000!
2024-11-14 02:00:51.805 [Test worker] INFO  com.girish.utility.PrimeNumberGenerator - Checking limit range....
2024-11-14 02:00:51.806 [Test worker] INFO  com.girish.utility.PrimeNumberGenerator - Limit range passed!
2024-11-14 02:00:51.815 [Test worker] INFO  com.girish.utility.PrimeNumberGenerator - Prime numbers for limit: 1000 is: [2, 3, 5, 7, 11, 13, 17, 19, 23, 29, 31, 37, 41, 43, 47, 53, 59, 61, 67, 71, 73, 79, 83, 89, 97, 101, 103, 107, 109, 113, 127, 131, 137, 139, 149, 151, 157, 163, 167, 173, 179, 181, 191, 193, 197, 199, 211, 223, 227, 229, 233, 239, 241, 251, 257, 263, 269, 271, 277, 281, 283, 293, 307, 311, 313, 317, 331, 337, 347, 349, 353, 359, 367, 373, 379, 383, 389, 397, 401, 409, 419, 421, 431, 433, 439, 443, 449, 457, 461, 463, 467, 479, 487, 491, 499, 503, 509, 521, 523, 541, 547, 557, 563, 569, 571, 577, 587, 593, 599, 601, 607, 613, 617, 619, 631, 641, 643, 647, 653, 659, 661, 673, 677, 683, 691, 701, 709, 719, 727, 733, 739, 743, 751, 757, 761, 769, 773, 787, 797, 809, 811, 821, 823, 827, 829, 839, 853, 857, 859, 863, 877, 881, 883, 887, 907, 911, 919, 929, 937, 941, 947, 953, 967, 971, 977, 983, 991, 997]
2024-11-14 02:04:14.778 [Test worker] INFO  com.girish.utility.PrimeNumberGenerator - Entered input limit for generating prime numbers is: 1000
2024-11-14 02:04:14.789 [Test worker] INFO  com.girish.utility.PrimeNumberGenerator - NOTE: Given range to generate prime numbers are between 1 - 1000!
2024-11-14 02:04:14.790 [Test worker] INFO  com.girish.utility.PrimeNumberGenerator - Checking limit range....
2024-11-14 02:04:14.790 [Test worker] INFO  com.girish.utility.PrimeNumberGenerator - Limit range passed!
2024-11-14 02:04:14.795 [Test worker] INFO  com.girish.utility.PrimeNumberGenerator - Prime numbers for limit: 1000 is: [2, 3, 5, 7, 11, 13, 17, 19, 23, 29, 31, 37, 41, 43, 47, 53, 59, 61, 67, 71, 73, 79, 83, 89, 97, 101, 103, 107, 109, 113, 127, 131, 137, 139, 149, 151, 157, 163, 167, 173, 179, 181, 191, 193, 197, 199, 211, 223, 227, 229, 233, 239, 241, 251, 257, 263, 269, 271, 277, 281, 283, 293, 307, 311, 313, 317, 331, 337, 347, 349, 353, 359, 367, 373, 379, 383, 389, 397, 401, 409, 419, 421, 431, 433, 439, 443, 449, 457, 461, 463, 467, 479, 487, 491, 499, 503, 509, 521, 523, 541, 547, 557, 563, 569, 571, 577, 587, 593, 599, 601, 607, 613, 617, 619, 631, 641, 643, 647, 653, 659, 661, 673, 677, 683, 691, 701, 709, 719, 727, 733, 739, 743, 751, 757, 761, 769, 773, 787, 797, 809, 811, 821, 823, 827, 829, 839, 853, 857, 859, 863, 877, 881, 883, 887, 907, 911, 919, 929, 937, 941, 947, 953, 967, 971, 977, 983, 991, 997]
2024-11-14 02:07:10.645 [Test worker] INFO  com.girish.utility.PrimeNumberGenerator - Entered input limit for generating prime numbers is: 1000
2024-11-14 02:07:10.655 [Test worker] INFO  com.girish.utility.PrimeNumberGenerator - NOTE: Given range to generate prime numbers are between 1 - 1000!
2024-11-14 02:07:10.656 [Test worker] INFO  com.girish.utility.PrimeNumberGenerator - Checking limit range....
2024-11-14 02:07:10.656 [Test worker] INFO  com.girish.utility.PrimeNumberGenerator - Limit range passed!
2024-11-14 02:07:10.660 [Test worker] INFO  com.girish.utility.PrimeNumberGenerator - Prime numbers for limit: 1000 is: [2, 3, 5, 7, 11, 13, 17, 19, 23, 29, 31, 37, 41, 43, 47, 53, 59, 61, 67, 71, 73, 79, 83, 89, 97, 101, 103, 107, 109, 113, 127, 131, 137, 139, 149, 151, 157, 163, 167, 173, 179, 181, 191, 193, 197, 199, 211, 223, 227, 229, 233, 239, 241, 251, 257, 263, 269, 271, 277, 281, 283, 293, 307, 311, 313, 317, 331, 337, 347, 349, 353, 359, 367, 373, 379, 383, 389, 397, 401, 409, 419, 421, 431, 433, 439, 443, 449, 457, 461, 463, 467, 479, 487, 491, 499, 503, 509, 521, 523, 541, 547, 557, 563, 569, 571, 577, 587, 593, 599, 601, 607, 613, 617, 619, 631, 641, 643, 647, 653, 659, 661, 673, 677, 683, 691, 701, 709, 719, 727, 733, 739, 743, 751, 757, 761, 769, 773, 787, 797, 809, 811, 821, 823, 827, 829, 839, 853, 857, 859, 863, 877, 881, 883, 887, 907, 911, 919, 929, 937, 941, 947, 953, 967, 971, 977, 983, 991, 997]
2024-11-14 02:07:10.679 [Test worker] INFO  com.girish.utility.PrimeNumberGenerator - Entered input limit for generating prime numbers is: 1000
2024-11-14 02:07:10.679 [Test worker] INFO  com.girish.utility.PrimeNumberGenerator - NOTE: Given range to generate prime numbers are between 1 - 1000!
2024-11-14 02:07:10.680 [Test worker] INFO  com.girish.utility.PrimeNumberGenerator - Checking limit range....
2024-11-14 02:07:10.680 [Test worker] INFO  com.girish.utility.PrimeNumberGenerator - Limit range passed!
2024-11-14 02:07:10.681 [Test worker] INFO  com.girish.utility.PrimeNumberGenerator - Prime numbers for limit: 1000 is: [2, 3, 5, 7, 11, 13, 17, 19, 23, 29, 31, 37, 41, 43, 47, 53, 59, 61, 67, 71, 73, 79, 83, 89, 97, 101, 103, 107, 109, 113, 127, 131, 137, 139, 149, 151, 157, 163, 167, 173, 179, 181, 191, 193, 197, 199, 211, 223, 227, 229, 233, 239, 241, 251, 257, 263, 269, 271, 277, 281, 283, 293, 307, 311, 313, 317, 331, 337, 347, 349, 353, 359, 367, 373, 379, 383, 389, 397, 401, 409, 419, 421, 431, 433, 439, 443, 449, 457, 461, 463, 467, 479, 487, 491, 499, 503, 509, 521, 523, 541, 547, 557, 563, 569, 571, 577, 587, 593, 599, 601, 607, 613, 617, 619, 631, 641, 643, 647, 653, 659, 661, 673, 677, 683, 691, 701, 709, 719, 727, 733, 739, 743, 751, 757, 761, 769, 773, 787, 797, 809, 811, 821, 823, 827, 829, 839, 853, 857, 859, 863, 877, 881, 883, 887, 907, 911, 919, 929, 937, 941, 947, 953, 967, 971, 977, 983, 991, 997]
2024-11-14 02:07:30.228 [Test worker] INFO  com.girish.utility.PrimeNumberGenerator - Entered input limit for generating prime numbers is: 1000
2024-11-14 02:07:30.239 [Test worker] INFO  com.girish.utility.PrimeNumberGenerator - NOTE: Given range to generate prime numbers are between 1 - 1000!
2024-11-14 02:07:30.240 [Test worker] INFO  com.girish.utility.PrimeNumberGenerator - Checking limit range....
2024-11-14 02:07:30.240 [Test worker] INFO  com.girish.utility.PrimeNumberGenerator - Limit range passed!
2024-11-14 02:07:30.245 [Test worker] INFO  com.girish.utility.PrimeNumberGenerator - Prime numbers for limit: 1000 is: [2, 3, 5, 7, 11, 13, 17, 19, 23, 29, 31, 37, 41, 43, 47, 53, 59, 61, 67, 71, 73, 79, 83, 89, 97, 101, 103, 107, 109, 113, 127, 131, 137, 139, 149, 151, 157, 163, 167, 173, 179, 181, 191, 193, 197, 199, 211, 223, 227, 229, 233, 239, 241, 251, 257, 263, 269, 271, 277, 281, 283, 293, 307, 311, 313, 317, 331, 337, 347, 349, 353, 359, 367, 373, 379, 383, 389, 397, 401, 409, 419, 421, 431, 433, 439, 443, 449, 457, 461, 463, 467, 479, 487, 491, 499, 503, 509, 521, 523, 541, 547, 557, 563, 569, 571, 577, 587, 593, 599, 601, 607, 613, 617, 619, 631, 641, 643, 647, 653, 659, 661, 673, 677, 683, 691, 701, 709, 719, 727, 733, 739, 743, 751, 757, 761, 769, 773, 787, 797, 809, 811, 821, 823, 827, 829, 839, 853, 857, 859, 863, 877, 881, 883, 887, 907, 911, 919, 929, 937, 941, 947, 953, 967, 971, 977, 983, 991, 997]
2024-11-14 02:07:56.458 [Test worker] INFO  com.girish.utility.PrimeNumberGenerator - Entered input limit for generating prime numbers is: 1000
2024-11-14 02:07:56.467 [Test worker] INFO  com.girish.utility.PrimeNumberGenerator - NOTE: Given range to generate prime numbers are between 1 - 1000!
2024-11-14 02:07:56.467 [Test worker] INFO  com.girish.utility.PrimeNumberGenerator - Checking limit range....
2024-11-14 02:07:56.467 [Test worker] INFO  com.girish.utility.PrimeNumberGenerator - Limit range passed!
2024-11-14 02:07:56.471 [Test worker] INFO  com.girish.utility.PrimeNumberGenerator - Prime numbers for limit: 1000 is: [2, 3, 5, 7, 11, 13, 17, 19, 23, 29, 31, 37, 41, 43, 47, 53, 59, 61, 67, 71, 73, 79, 83, 89, 97, 101, 103, 107, 109, 113, 127, 131, 137, 139, 149, 151, 157, 163, 167, 173, 179, 181, 191, 193, 197, 199, 211, 223, 227, 229, 233, 239, 241, 251, 257, 263, 269, 271, 277, 281, 283, 293, 307, 311, 313, 317, 331, 337, 347, 349, 353, 359, 367, 373, 379, 383, 389, 397, 401, 409, 419, 421, 431, 433, 439, 443, 449, 457, 461, 463, 467, 479, 487, 491, 499, 503, 509, 521, 523, 541, 547, 557, 563, 569, 571, 577, 587, 593, 599, 601, 607, 613, 617, 619, 631, 641, 643, 647, 653, 659, 661, 673, 677, 683, 691, 701, 709, 719, 727, 733, 739, 743, 751, 757, 761, 769, 773, 787, 797, 809, 811, 821, 823, 827, 829, 839, 853, 857, 859, 863, 877, 881, 883, 887, 907, 911, 919, 929, 937, 941, 947, 953, 967, 971, 977, 983, 991, 997]
2024-11-14 02:07:56.490 [Test worker] INFO  com.girish.utility.PrimeNumberGenerator - Entered input limit for generating prime numbers is: 1000
2024-11-14 02:07:56.490 [Test worker] INFO  com.girish.utility.PrimeNumberGenerator - NOTE: Given range to generate prime numbers are between 1 - 1000!
2024-11-14 02:07:56.491 [Test worker] INFO  com.girish.utility.PrimeNumberGenerator - Checking limit range....
2024-11-14 02:07:56.491 [Test worker] INFO  com.girish.utility.PrimeNumberGenerator - Limit range passed!
2024-11-14 02:07:56.492 [Test worker] INFO  com.girish.utility.PrimeNumberGenerator - Prime numbers for limit: 1000 is: [2, 3, 5, 7, 11, 13, 17, 19, 23, 29, 31, 37, 41, 43, 47, 53, 59, 61, 67, 71, 73, 79, 83, 89, 97, 101, 103, 107, 109, 113, 127, 131, 137, 139, 149, 151, 157, 163, 167, 173, 179, 181, 191, 193, 197, 199, 211, 223, 227, 229, 233, 239, 241, 251, 257, 263, 269, 271, 277, 281, 283, 293, 307, 311, 313, 317, 331, 337, 347, 349, 353, 359, 367, 373, 379, 383, 389, 397, 401, 409, 419, 421, 431, 433, 439, 443, 449, 457, 461, 463, 467, 479, 487, 491, 499, 503, 509, 521, 523, 541, 547, 557, 563, 569, 571, 577, 587, 593, 599, 601, 607, 613, 617, 619, 631, 641, 643, 647, 653, 659, 661, 673, 677, 683, 691, 701, 709, 719, 727, 733, 739, 743, 751, 757, 761, 769, 773, 787, 797, 809, 811, 821, 823, 827, 829, 839, 853, 857, 859, 863, 877, 881, 883, 887, 907, 911, 919, 929, 937, 941, 947, 953, 967, 971, 977, 983, 991, 997]
2024-11-14 02:08:53.196 [Test worker] INFO  com.girish.utility.PrimeNumberGenerator - Entered input limit for generating prime numbers is: 1000
2024-11-14 02:08:53.205 [Test worker] INFO  com.girish.utility.PrimeNumberGenerator - NOTE: Given range to generate prime numbers are between 1 - 1000!
2024-11-14 02:08:53.206 [Test worker] INFO  com.girish.utility.PrimeNumberGenerator - Checking limit range....
2024-11-14 02:08:53.206 [Test worker] INFO  com.girish.utility.PrimeNumberGenerator - Limit range passed!
2024-11-14 02:08:53.209 [Test worker] INFO  com.girish.utility.PrimeNumberGenerator - Prime numbers for limit: 1000 is: [2, 3, 5, 7, 11, 13, 17, 19, 23, 29, 31, 37, 41, 43, 47, 53, 59, 61, 67, 71, 73, 79, 83, 89, 97, 101, 103, 107, 109, 113, 127, 131, 137, 139, 149, 151, 157, 163, 167, 173, 179, 181, 191, 193, 197, 199, 211, 223, 227, 229, 233, 239, 241, 251, 257, 263, 269, 271, 277, 281, 283, 293, 307, 311, 313, 317, 331, 337, 347, 349, 353, 359, 367, 373, 379, 383, 389, 397, 401, 409, 419, 421, 431, 433, 439, 443, 449, 457, 461, 463, 467, 479, 487, 491, 499, 503, 509, 521, 523, 541, 547, 557, 563, 569, 571, 577, 587, 593, 599, 601, 607, 613, 617, 619, 631, 641, 643, 647, 653, 659, 661, 673, 677, 683, 691, 701, 709, 719, 727, 733, 739, 743, 751, 757, 761, 769, 773, 787, 797, 809, 811, 821, 823, 827, 829, 839, 853, 857, 859, 863, 877, 881, 883, 887, 907, 911, 919, 929, 937, 941, 947, 953, 967, 971, 977, 983, 991, 997]
2024-11-14 02:08:53.228 [Test worker] INFO  com.girish.utility.PrimeNumberGenerator - Entered input limit for generating prime numbers is: 1000
2024-11-14 02:08:53.229 [Test worker] INFO  com.girish.utility.PrimeNumberGenerator - NOTE: Given range to generate prime numbers are between 1 - 1000!
2024-11-14 02:08:53.230 [Test worker] INFO  com.girish.utility.PrimeNumberGenerator - Checking limit range....
2024-11-14 02:08:53.230 [Test worker] INFO  com.girish.utility.PrimeNumberGenerator - Limit range passed!
2024-11-14 02:08:53.231 [Test worker] INFO  com.girish.utility.PrimeNumberGenerator - Prime numbers for limit: 1000 is: [2, 3, 5, 7, 11, 13, 17, 19, 23, 29, 31, 37, 41, 43, 47, 53, 59, 61, 67, 71, 73, 79, 83, 89, 97, 101, 103, 107, 109, 113, 127, 131, 137, 139, 149, 151, 157, 163, 167, 173, 179, 181, 191, 193, 197, 199, 211, 223, 227, 229, 233, 239, 241, 251, 257, 263, 269, 271, 277, 281, 283, 293, 307, 311, 313, 317, 331, 337, 347, 349, 353, 359, 367, 373, 379, 383, 389, 397, 401, 409, 419, 421, 431, 433, 439, 443, 449, 457, 461, 463, 467, 479, 487, 491, 499, 503, 509, 521, 523, 541, 547, 557, 563, 569, 571, 577, 587, 593, 599, 601, 607, 613, 617, 619, 631, 641, 643, 647, 653, 659, 661, 673, 677, 683, 691, 701, 709, 719, 727, 733, 739, 743, 751, 757, 761, 769, 773, 787, 797, 809, 811, 821, 823, 827, 829, 839, 853, 857, 859, 863, 877, 881, 883, 887, 907, 911, 919, 929, 937, 941, 947, 953, 967, 971, 977, 983, 991, 997]
2024-11-14 02:08:53.234 [Test worker] INFO  com.girish.utility.PrimeNumberGenerator - Entered input limit for generating prime numbers is: 1000
2024-11-14 02:08:53.234 [Test worker] INFO  com.girish.utility.PrimeNumberGenerator - NOTE: Given range to generate prime numbers are between 1 - 1000!
2024-11-14 02:08:53.235 [Test worker] INFO  com.girish.utility.PrimeNumberGenerator - Checking limit range....
2024-11-14 02:08:53.235 [Test worker] INFO  com.girish.utility.PrimeNumberGenerator - Limit range passed!
2024-11-14 02:08:53.236 [Test worker] INFO  com.girish.utility.PrimeNumberGenerator - Prime numbers for limit: 1000 is: [2, 3, 5, 7, 11, 13, 17, 19, 23, 29, 31, 37, 41, 43, 47, 53, 59, 61, 67, 71, 73, 79, 83, 89, 97, 101, 103, 107, 109, 113, 127, 131, 137, 139, 149, 151, 157, 163, 167, 173, 179, 181, 191, 193, 197, 199, 211, 223, 227, 229, 233, 239, 241, 251, 257, 263, 269, 271, 277, 281, 283, 293, 307, 311, 313, 317, 331, 337, 347, 349, 353, 359, 367, 373, 379, 383, 389, 397, 401, 409, 419, 421, 431, 433, 439, 443, 449, 457, 461, 463, 467, 479, 487, 491, 499, 503, 509, 521, 523, 541, 547, 557, 563, 569, 571, 577, 587, 593, 599, 601, 607, 613, 617, 619, 631, 641, 643, 647, 653, 659, 661, 673, 677, 683, 691, 701, 709, 719, 727, 733, 739, 743, 751, 757, 761, 769, 773, 787, 797, 809, 811, 821, 823, 827, 829, 839, 853, 857, 859, 863, 877, 881, 883, 887, 907, 911, 919, 929, 937, 941, 947, 953, 967, 971, 977, 983, 991, 997]
2024-11-14 02:09:15.770 [Test worker] INFO  com.girish.utility.PrimeNumberGenerator - Entered input limit for generating prime numbers is: 1000
2024-11-14 02:09:15.786 [Test worker] INFO  com.girish.utility.PrimeNumberGenerator - NOTE: Given range to generate prime numbers are between 1 - 1000!
2024-11-14 02:09:15.787 [Test worker] INFO  com.girish.utility.PrimeNumberGenerator - Checking limit range....
2024-11-14 02:09:15.788 [Test worker] INFO  com.girish.utility.PrimeNumberGenerator - Limit range passed!
2024-11-14 02:09:15.793 [Test worker] INFO  com.girish.utility.PrimeNumberGenerator - Prime numbers for limit: 1000 is: [2, 3, 5, 7, 11, 13, 17, 19, 23, 29, 31, 37, 41, 43, 47, 53, 59, 61, 67, 71, 73, 79, 83, 89, 97, 101, 103, 107, 109, 113, 127, 131, 137, 139, 149, 151, 157, 163, 167, 173, 179, 181, 191, 193, 197, 199, 211, 223, 227, 229, 233, 239, 241, 251, 257, 263, 269, 271, 277, 281, 283, 293, 307, 311, 313, 317, 331, 337, 347, 349, 353, 359, 367, 373, 379, 383, 389, 397, 401, 409, 419, 421, 431, 433, 439, 443, 449, 457, 461, 463, 467, 479, 487, 491, 499, 503, 509, 521, 523, 541, 547, 557, 563, 569, 571, 577, 587, 593, 599, 601, 607, 613, 617, 619, 631, 641, 643, 647, 653, 659, 661, 673, 677, 683, 691, 701, 709, 719, 727, 733, 739, 743, 751, 757, 761, 769, 773, 787, 797, 809, 811, 821, 823, 827, 829, 839, 853, 857, 859, 863, 877, 881, 883, 887, 907, 911, 919, 929, 937, 941, 947, 953, 967, 971, 977, 983, 991, 997]
2024-11-14 02:09:15.820 [Test worker] INFO  com.girish.utility.PrimeNumberGenerator - Entered input limit for generating prime numbers is: 1000
2024-11-14 02:09:15.821 [Test worker] INFO  com.girish.utility.PrimeNumberGenerator - NOTE: Given range to generate prime numbers are between 1 - 1000!
2024-11-14 02:09:15.821 [Test worker] INFO  com.girish.utility.PrimeNumberGenerator - Checking limit range....
2024-11-14 02:09:15.822 [Test worker] INFO  com.girish.utility.PrimeNumberGenerator - Limit range passed!
2024-11-14 02:09:15.823 [Test worker] INFO  com.girish.utility.PrimeNumberGenerator - Prime numbers for limit: 1000 is: [2, 3, 5, 7, 11, 13, 17, 19, 23, 29, 31, 37, 41, 43, 47, 53, 59, 61, 67, 71, 73, 79, 83, 89, 97, 101, 103, 107, 109, 113, 127, 131, 137, 139, 149, 151, 157, 163, 167, 173, 179, 181, 191, 193, 197, 199, 211, 223, 227, 229, 233, 239, 241, 251, 257, 263, 269, 271, 277, 281, 283, 293, 307, 311, 313, 317, 331, 337, 347, 349, 353, 359, 367, 373, 379, 383, 389, 397, 401, 409, 419, 421, 431, 433, 439, 443, 449, 457, 461, 463, 467, 479, 487, 491, 499, 503, 509, 521, 523, 541, 547, 557, 563, 569, 571, 577, 587, 593, 599, 601, 607, 613, 617, 619, 631, 641, 643, 647, 653, 659, 661, 673, 677, 683, 691, 701, 709, 719, 727, 733, 739, 743, 751, 757, 761, 769, 773, 787, 797, 809, 811, 821, 823, 827, 829, 839, 853, 857, 859, 863, 877, 881, 883, 887, 907, 911, 919, 929, 937, 941, 947, 953, 967, 971, 977, 983, 991, 997]
2024-11-14 02:09:15.827 [Test worker] INFO  com.girish.utility.PrimeNumberGenerator - Entered input limit for generating prime numbers is: 1000
2024-11-14 02:09:15.827 [Test worker] INFO  com.girish.utility.PrimeNumberGenerator - NOTE: Given range to generate prime numbers are between 1 - 1000!
2024-11-14 02:09:15.828 [Test worker] INFO  com.girish.utility.PrimeNumberGenerator - Checking limit range....
2024-11-14 02:09:15.828 [Test worker] INFO  com.girish.utility.PrimeNumberGenerator - Limit range passed!
2024-11-14 02:09:15.829 [Test worker] INFO  com.girish.utility.PrimeNumberGenerator - Prime numbers for limit: 1000 is: [2, 3, 5, 7, 11, 13, 17, 19, 23, 29, 31, 37, 41, 43, 47, 53, 59, 61, 67, 71, 73, 79, 83, 89, 97, 101, 103, 107, 109, 113, 127, 131, 137, 139, 149, 151, 157, 163, 167, 173, 179, 181, 191, 193, 197, 199, 211, 223, 227, 229, 233, 239, 241, 251, 257, 263, 269, 271, 277, 281, 283, 293, 307, 311, 313, 317, 331, 337, 347, 349, 353, 359, 367, 373, 379, 383, 389, 397, 401, 409, 419, 421, 431, 433, 439, 443, 449, 457, 461, 463, 467, 479, 487, 491, 499, 503, 509, 521, 523, 541, 547, 557, 563, 569, 571, 577, 587, 593, 599, 601, 607, 613, 617, 619, 631, 641, 643, 647, 653, 659, 661, 673, 677, 683, 691, 701, 709, 719, 727, 733, 739, 743, 751, 757, 761, 769, 773, 787, 797, 809, 811, 821, 823, 827, 829, 839, 853, 857, 859, 863, 877, 881, 883, 887, 907, 911, 919, 929, 937, 941, 947, 953, 967, 971, 977, 983, 991, 997]
2024-11-14 02:09:15.840 [Test worker] INFO  com.girish.utility.PrimeNumberGenerator - Entered input limit for generating prime numbers is: 1000
2024-11-14 02:09:15.840 [Test worker] INFO  com.girish.utility.PrimeNumberGenerator - NOTE: Given range to generate prime numbers are between 1 - 1000!
2024-11-14 02:09:15.840 [Test worker] INFO  com.girish.utility.PrimeNumberGenerator - Checking limit range....
2024-11-14 02:09:15.841 [Test worker] INFO  com.girish.utility.PrimeNumberGenerator - Limit range passed!
2024-11-14 02:09:15.842 [Test worker] INFO  com.girish.utility.PrimeNumberGenerator - Prime numbers for limit: 1000 is: [2, 3, 5, 7, 11, 13, 17, 19, 23, 29, 31, 37, 41, 43, 47, 53, 59, 61, 67, 71, 73, 79, 83, 89, 97, 101, 103, 107, 109, 113, 127, 131, 137, 139, 149, 151, 157, 163, 167, 173, 179, 181, 191, 193, 197, 199, 211, 223, 227, 229, 233, 239, 241, 251, 257, 263, 269, 271, 277, 281, 283, 293, 307, 311, 313, 317, 331, 337, 347, 349, 353, 359, 367, 373, 379, 383, 389, 397, 401, 409, 419, 421, 431, 433, 439, 443, 449, 457, 461, 463, 467, 479, 487, 491, 499, 503, 509, 521, 523, 541, 547, 557, 563, 569, 571, 577, 587, 593, 599, 601, 607, 613, 617, 619, 631, 641, 643, 647, 653, 659, 661, 673, 677, 683, 691, 701, 709, 719, 727, 733, 739, 743, 751, 757, 761, 769, 773, 787, 797, 809, 811, 821, 823, 827, 829, 839, 853, 857, 859, 863, 877, 881, 883, 887, 907, 911, 919, 929, 937, 941, 947, 953, 967, 971, 977, 983, 991, 997]
2024-11-14 02:09:15.851 [Test worker] INFO  com.girish.utility.PrimeNumberGenerator - Entered input limit for generating prime numbers is: 2000
2024-11-14 02:09:15.852 [Test worker] INFO  com.girish.utility.PrimeNumberGenerator - NOTE: Given range to generate prime numbers are between 1 - 1000!
2024-11-14 02:09:15.852 [Test worker] INFO  com.girish.utility.PrimeNumberGenerator - Checking limit range....
2024-11-14 02:09:15.853 [Test worker] ERROR com.girish.utility.PrimeNumberGenerator - Limit range failed!
2024-11-14 02:09:15.857 [Test worker] INFO  com.girish.utility.PrimeNumberGenerator - Entered input limit for generating prime numbers is: 1
2024-11-14 02:09:15.857 [Test worker] INFO  com.girish.utility.PrimeNumberGenerator - NOTE: Given range to generate prime numbers are between 1 - 1000!
2024-11-14 02:09:15.857 [Test worker] INFO  com.girish.utility.PrimeNumberGenerator - Checking limit range....
2024-11-14 02:09:15.858 [Test worker] ERROR com.girish.utility.PrimeNumberGenerator - Limit range failed!
2024-11-14 02:09:15.861 [Test worker] INFO  com.girish.utility.PrimeNumberGenerator - Entered input limit for generating prime numbers is: 6
2024-11-14 02:09:15.862 [Test worker] INFO  com.girish.utility.PrimeNumberGenerator - NOTE: Given range to generate prime numbers are between 1 - 1000!
2024-11-14 02:09:15.863 [Test worker] INFO  com.girish.utility.PrimeNumberGenerator - Checking limit range....
2024-11-14 02:09:15.863 [Test worker] INFO  com.girish.utility.PrimeNumberGenerator - Limit range passed!
2024-11-14 02:09:15.864 [Test worker] INFO  com.girish.utility.PrimeNumberGenerator - Prime numbers for limit: 6 is: [2, 3, 5]
2024-11-14 02:26:29.145 [Test worker] INFO  com.girish.Main - Arguments are: Hello
2024-11-14 02:26:29.192 [Test worker] INFO  com.girish.utility.PrimeNumberGenerator - Entered input limit for generating prime numbers is: 1000
2024-11-14 02:26:29.195 [Test worker] INFO  com.girish.utility.PrimeNumberGenerator - NOTE: Given range to generate prime numbers are between 1 - 1000!
2024-11-14 02:26:29.196 [Test worker] INFO  com.girish.utility.PrimeNumberGenerator - Checking limit range....
2024-11-14 02:26:29.196 [Test worker] INFO  com.girish.utility.PrimeNumberGenerator - Limit range passed!
2024-11-14 02:26:29.202 [Test worker] INFO  com.girish.utility.PrimeNumberGenerator - Prime numbers for limit: 1000 is: [2, 3, 5, 7, 11, 13, 17, 19, 23, 29, 31, 37, 41, 43, 47, 53, 59, 61, 67, 71, 73, 79, 83, 89, 97, 101, 103, 107, 109, 113, 127, 131, 137, 139, 149, 151, 157, 163, 167, 173, 179, 181, 191, 193, 197, 199, 211, 223, 227, 229, 233, 239, 241, 251, 257, 263, 269, 271, 277, 281, 283, 293, 307, 311, 313, 317, 331, 337, 347, 349, 353, 359, 367, 373, 379, 383, 389, 397, 401, 409, 419, 421, 431, 433, 439, 443, 449, 457, 461, 463, 467, 479, 487, 491, 499, 503, 509, 521, 523, 541, 547, 557, 563, 569, 571, 577, 587, 593, 599, 601, 607, 613, 617, 619, 631, 641, 643, 647, 653, 659, 661, 673, 677, 683, 691, 701, 709, 719, 727, 733, 739, 743, 751, 757, 761, 769, 773, 787, 797, 809, 811, 821, 823, 827, 829, 839, 853, 857, 859, 863, 877, 881, 883, 887, 907, 911, 919, 929, 937, 941, 947, 953, 967, 971, 977, 983, 991, 997]
2024-11-14 02:26:29.209 [Test worker] INFO  com.girish.utility.PrimeNumberGenerator - Entered input limit for generating prime numbers is: 1000
2024-11-14 02:26:29.210 [Test worker] INFO  com.girish.utility.PrimeNumberGenerator - NOTE: Given range to generate prime numbers are between 1 - 1000!
2024-11-14 02:26:29.210 [Test worker] INFO  com.girish.utility.PrimeNumberGenerator - Checking limit range....
2024-11-14 02:26:29.210 [Test worker] INFO  com.girish.utility.PrimeNumberGenerator - Limit range passed!
2024-11-14 02:26:29.212 [Test worker] INFO  com.girish.utility.PrimeNumberGenerator - Prime numbers for limit: 1000 is: [2, 3, 5, 7, 11, 13, 17, 19, 23, 29, 31, 37, 41, 43, 47, 53, 59, 61, 67, 71, 73, 79, 83, 89, 97, 101, 103, 107, 109, 113, 127, 131, 137, 139, 149, 151, 157, 163, 167, 173, 179, 181, 191, 193, 197, 199, 211, 223, 227, 229, 233, 239, 241, 251, 257, 263, 269, 271, 277, 281, 283, 293, 307, 311, 313, 317, 331, 337, 347, 349, 353, 359, 367, 373, 379, 383, 389, 397, 401, 409, 419, 421, 431, 433, 439, 443, 449, 457, 461, 463, 467, 479, 487, 491, 499, 503, 509, 521, 523, 541, 547, 557, 563, 569, 571, 577, 587, 593, 599, 601, 607, 613, 617, 619, 631, 641, 643, 647, 653, 659, 661, 673, 677, 683, 691, 701, 709, 719, 727, 733, 739, 743, 751, 757, 761, 769, 773, 787, 797, 809, 811, 821, 823, 827, 829, 839, 853, 857, 859, 863, 877, 881, 883, 887, 907, 911, 919, 929, 937, 941, 947, 953, 967, 971, 977, 983, 991, 997]
2024-11-14 02:26:29.216 [Test worker] INFO  com.girish.utility.PrimeNumberGenerator - Entered input limit for generating prime numbers is: 1000
2024-11-14 02:26:29.216 [Test worker] INFO  com.girish.utility.PrimeNumberGenerator - NOTE: Given range to generate prime numbers are between 1 - 1000!
2024-11-14 02:26:29.216 [Test worker] INFO  com.girish.utility.PrimeNumberGenerator - Checking limit range....
2024-11-14 02:26:29.217 [Test worker] INFO  com.girish.utility.PrimeNumberGenerator - Limit range passed!
2024-11-14 02:26:29.218 [Test worker] INFO  com.girish.utility.PrimeNumberGenerator - Prime numbers for limit: 1000 is: [2, 3, 5, 7, 11, 13, 17, 19, 23, 29, 31, 37, 41, 43, 47, 53, 59, 61, 67, 71, 73, 79, 83, 89, 97, 101, 103, 107, 109, 113, 127, 131, 137, 139, 149, 151, 157, 163, 167, 173, 179, 181, 191, 193, 197, 199, 211, 223, 227, 229, 233, 239, 241, 251, 257, 263, 269, 271, 277, 281, 283, 293, 307, 311, 313, 317, 331, 337, 347, 349, 353, 359, 367, 373, 379, 383, 389, 397, 401, 409, 419, 421, 431, 433, 439, 443, 449, 457, 461, 463, 467, 479, 487, 491, 499, 503, 509, 521, 523, 541, 547, 557, 563, 569, 571, 577, 587, 593, 599, 601, 607, 613, 617, 619, 631, 641, 643, 647, 653, 659, 661, 673, 677, 683, 691, 701, 709, 719, 727, 733, 739, 743, 751, 757, 761, 769, 773, 787, 797, 809, 811, 821, 823, 827, 829, 839, 853, 857, 859, 863, 877, 881, 883, 887, 907, 911, 919, 929, 937, 941, 947, 953, 967, 971, 977, 983, 991, 997]
2024-11-14 02:26:29.228 [Test worker] INFO  com.girish.utility.PrimeNumberGenerator - Entered input limit for generating prime numbers is: 1000
2024-11-14 02:26:29.228 [Test worker] INFO  com.girish.utility.PrimeNumberGenerator - NOTE: Given range to generate prime numbers are between 1 - 1000!
2024-11-14 02:26:29.229 [Test worker] INFO  com.girish.utility.PrimeNumberGenerator - Checking limit range....
2024-11-14 02:26:29.229 [Test worker] INFO  com.girish.utility.PrimeNumberGenerator - Limit range passed!
2024-11-14 02:26:29.230 [Test worker] INFO  com.girish.utility.PrimeNumberGenerator - Prime numbers for limit: 1000 is: [2, 3, 5, 7, 11, 13, 17, 19, 23, 29, 31, 37, 41, 43, 47, 53, 59, 61, 67, 71, 73, 79, 83, 89, 97, 101, 103, 107, 109, 113, 127, 131, 137, 139, 149, 151, 157, 163, 167, 173, 179, 181, 191, 193, 197, 199, 211, 223, 227, 229, 233, 239, 241, 251, 257, 263, 269, 271, 277, 281, 283, 293, 307, 311, 313, 317, 331, 337, 347, 349, 353, 359, 367, 373, 379, 383, 389, 397, 401, 409, 419, 421, 431, 433, 439, 443, 449, 457, 461, 463, 467, 479, 487, 491, 499, 503, 509, 521, 523, 541, 547, 557, 563, 569, 571, 577, 587, 593, 599, 601, 607, 613, 617, 619, 631, 641, 643, 647, 653, 659, 661, 673, 677, 683, 691, 701, 709, 719, 727, 733, 739, 743, 751, 757, 761, 769, 773, 787, 797, 809, 811, 821, 823, 827, 829, 839, 853, 857, 859, 863, 877, 881, 883, 887, 907, 911, 919, 929, 937, 941, 947, 953, 967, 971, 977, 983, 991, 997]
2024-11-14 02:26:29.238 [Test worker] INFO  com.girish.utility.PrimeNumberGenerator - Entered input limit for generating prime numbers is: 2000
2024-11-14 02:26:29.239 [Test worker] INFO  com.girish.utility.PrimeNumberGenerator - NOTE: Given range to generate prime numbers are between 1 - 1000!
2024-11-14 02:26:29.239 [Test worker] INFO  com.girish.utility.PrimeNumberGenerator - Checking limit range....
2024-11-14 02:26:29.239 [Test worker] ERROR com.girish.utility.PrimeNumberGenerator - Limit range failed!
2024-11-14 02:26:29.245 [Test worker] INFO  com.girish.utility.PrimeNumberGenerator - Entered input limit for generating prime numbers is: 1
2024-11-14 02:26:29.246 [Test worker] INFO  com.girish.utility.PrimeNumberGenerator - NOTE: Given range to generate prime numbers are between 1 - 1000!
2024-11-14 02:26:29.247 [Test worker] INFO  com.girish.utility.PrimeNumberGenerator - Checking limit range....
2024-11-14 02:26:29.247 [Test worker] ERROR com.girish.utility.PrimeNumberGenerator - Limit range failed!
2024-11-14 02:26:29.249 [Test worker] INFO  com.girish.utility.PrimeNumberGenerator - Entered input limit for generating prime numbers is: 6
2024-11-14 02:26:29.250 [Test worker] INFO  com.girish.utility.PrimeNumberGenerator - NOTE: Given range to generate prime numbers are between 1 - 1000!
2024-11-14 02:26:29.250 [Test worker] INFO  com.girish.utility.PrimeNumberGenerator - Checking limit range....
2024-11-14 02:26:29.251 [Test worker] INFO  com.girish.utility.PrimeNumberGenerator - Limit range passed!
2024-11-14 02:26:29.251 [Test worker] INFO  com.girish.utility.PrimeNumberGenerator - Prime numbers for limit: 6 is: [2, 3, 5]
2024-11-14 02:27:35.414 [Test worker] INFO  com.girish.Main - Hello World!
2024-11-14 02:27:35.456 [Test worker] INFO  com.girish.utility.PrimeNumberGenerator - Entered input limit for generating prime numbers is: 1000
2024-11-14 02:27:35.457 [Test worker] INFO  com.girish.utility.PrimeNumberGenerator - NOTE: Given range to generate prime numbers are between 1 - 1000!
2024-11-14 02:27:35.457 [Test worker] INFO  com.girish.utility.PrimeNumberGenerator - Checking limit range....
2024-11-14 02:27:35.458 [Test worker] INFO  com.girish.utility.PrimeNumberGenerator - Limit range passed!
2024-11-14 02:27:35.463 [Test worker] INFO  com.girish.utility.PrimeNumberGenerator - Prime numbers for limit: 1000 is: [2, 3, 5, 7, 11, 13, 17, 19, 23, 29, 31, 37, 41, 43, 47, 53, 59, 61, 67, 71, 73, 79, 83, 89, 97, 101, 103, 107, 109, 113, 127, 131, 137, 139, 149, 151, 157, 163, 167, 173, 179, 181, 191, 193, 197, 199, 211, 223, 227, 229, 233, 239, 241, 251, 257, 263, 269, 271, 277, 281, 283, 293, 307, 311, 313, 317, 331, 337, 347, 349, 353, 359, 367, 373, 379, 383, 389, 397, 401, 409, 419, 421, 431, 433, 439, 443, 449, 457, 461, 463, 467, 479, 487, 491, 499, 503, 509, 521, 523, 541, 547, 557, 563, 569, 571, 577, 587, 593, 599, 601, 607, 613, 617, 619, 631, 641, 643, 647, 653, 659, 661, 673, 677, 683, 691, 701, 709, 719, 727, 733, 739, 743, 751, 757, 761, 769, 773, 787, 797, 809, 811, 821, 823, 827, 829, 839, 853, 857, 859, 863, 877, 881, 883, 887, 907, 911, 919, 929, 937, 941, 947, 953, 967, 971, 977, 983, 991, 997]
2024-11-14 02:27:35.468 [Test worker] INFO  com.girish.utility.PrimeNumberGenerator - Entered input limit for generating prime numbers is: 1000
2024-11-14 02:27:35.468 [Test worker] INFO  com.girish.utility.PrimeNumberGenerator - NOTE: Given range to generate prime numbers are between 1 - 1000!
2024-11-14 02:27:35.468 [Test worker] INFO  com.girish.utility.PrimeNumberGenerator - Checking limit range....
2024-11-14 02:27:35.469 [Test worker] INFO  com.girish.utility.PrimeNumberGenerator - Limit range passed!
2024-11-14 02:27:35.469 [Test worker] INFO  com.girish.utility.PrimeNumberGenerator - Prime numbers for limit: 1000 is: [2, 3, 5, 7, 11, 13, 17, 19, 23, 29, 31, 37, 41, 43, 47, 53, 59, 61, 67, 71, 73, 79, 83, 89, 97, 101, 103, 107, 109, 113, 127, 131, 137, 139, 149, 151, 157, 163, 167, 173, 179, 181, 191, 193, 197, 199, 211, 223, 227, 229, 233, 239, 241, 251, 257, 263, 269, 271, 277, 281, 283, 293, 307, 311, 313, 317, 331, 337, 347, 349, 353, 359, 367, 373, 379, 383, 389, 397, 401, 409, 419, 421, 431, 433, 439, 443, 449, 457, 461, 463, 467, 479, 487, 491, 499, 503, 509, 521, 523, 541, 547, 557, 563, 569, 571, 577, 587, 593, 599, 601, 607, 613, 617, 619, 631, 641, 643, 647, 653, 659, 661, 673, 677, 683, 691, 701, 709, 719, 727, 733, 739, 743, 751, 757, 761, 769, 773, 787, 797, 809, 811, 821, 823, 827, 829, 839, 853, 857, 859, 863, 877, 881, 883, 887, 907, 911, 919, 929, 937, 941, 947, 953, 967, 971, 977, 983, 991, 997]
2024-11-14 02:27:35.472 [Test worker] INFO  com.girish.utility.PrimeNumberGenerator - Entered input limit for generating prime numbers is: 1000
2024-11-14 02:27:35.472 [Test worker] INFO  com.girish.utility.PrimeNumberGenerator - NOTE: Given range to generate prime numbers are between 1 - 1000!
2024-11-14 02:27:35.473 [Test worker] INFO  com.girish.utility.PrimeNumberGenerator - Checking limit range....
2024-11-14 02:27:35.473 [Test worker] INFO  com.girish.utility.PrimeNumberGenerator - Limit range passed!
2024-11-14 02:27:35.473 [Test worker] INFO  com.girish.utility.PrimeNumberGenerator - Prime numbers for limit: 1000 is: [2, 3, 5, 7, 11, 13, 17, 19, 23, 29, 31, 37, 41, 43, 47, 53, 59, 61, 67, 71, 73, 79, 83, 89, 97, 101, 103, 107, 109, 113, 127, 131, 137, 139, 149, 151, 157, 163, 167, 173, 179, 181, 191, 193, 197, 199, 211, 223, 227, 229, 233, 239, 241, 251, 257, 263, 269, 271, 277, 281, 283, 293, 307, 311, 313, 317, 331, 337, 347, 349, 353, 359, 367, 373, 379, 383, 389, 397, 401, 409, 419, 421, 431, 433, 439, 443, 449, 457, 461, 463, 467, 479, 487, 491, 499, 503, 509, 521, 523, 541, 547, 557, 563, 569, 571, 577, 587, 593, 599, 601, 607, 613, 617, 619, 631, 641, 643, 647, 653, 659, 661, 673, 677, 683, 691, 701, 709, 719, 727, 733, 739, 743, 751, 757, 761, 769, 773, 787, 797, 809, 811, 821, 823, 827, 829, 839, 853, 857, 859, 863, 877, 881, 883, 887, 907, 911, 919, 929, 937, 941, 947, 953, 967, 971, 977, 983, 991, 997]
2024-11-14 02:27:35.479 [Test worker] INFO  com.girish.utility.PrimeNumberGenerator - Entered input limit for generating prime numbers is: 1000
2024-11-14 02:27:35.479 [Test worker] INFO  com.girish.utility.PrimeNumberGenerator - NOTE: Given range to generate prime numbers are between 1 - 1000!
2024-11-14 02:27:35.479 [Test worker] INFO  com.girish.utility.PrimeNumberGenerator - Checking limit range....
2024-11-14 02:27:35.479 [Test worker] INFO  com.girish.utility.PrimeNumberGenerator - Limit range passed!
2024-11-14 02:27:35.480 [Test worker] INFO  com.girish.utility.PrimeNumberGenerator - Prime numbers for limit: 1000 is: [2, 3, 5, 7, 11, 13, 17, 19, 23, 29, 31, 37, 41, 43, 47, 53, 59, 61, 67, 71, 73, 79, 83, 89, 97, 101, 103, 107, 109, 113, 127, 131, 137, 139, 149, 151, 157, 163, 167, 173, 179, 181, 191, 193, 197, 199, 211, 223, 227, 229, 233, 239, 241, 251, 257, 263, 269, 271, 277, 281, 283, 293, 307, 311, 313, 317, 331, 337, 347, 349, 353, 359, 367, 373, 379, 383, 389, 397, 401, 409, 419, 421, 431, 433, 439, 443, 449, 457, 461, 463, 467, 479, 487, 491, 499, 503, 509, 521, 523, 541, 547, 557, 563, 569, 571, 577, 587, 593, 599, 601, 607, 613, 617, 619, 631, 641, 643, 647, 653, 659, 661, 673, 677, 683, 691, 701, 709, 719, 727, 733, 739, 743, 751, 757, 761, 769, 773, 787, 797, 809, 811, 821, 823, 827, 829, 839, 853, 857, 859, 863, 877, 881, 883, 887, 907, 911, 919, 929, 937, 941, 947, 953, 967, 971, 977, 983, 991, 997]
2024-11-14 02:27:35.484 [Test worker] INFO  com.girish.utility.PrimeNumberGenerator - Entered input limit for generating prime numbers is: 2000
2024-11-14 02:27:35.485 [Test worker] INFO  com.girish.utility.PrimeNumberGenerator - NOTE: Given range to generate prime numbers are between 1 - 1000!
2024-11-14 02:27:35.485 [Test worker] INFO  com.girish.utility.PrimeNumberGenerator - Checking limit range....
2024-11-14 02:27:35.485 [Test worker] ERROR com.girish.utility.PrimeNumberGenerator - Limit range failed!
2024-11-14 02:27:35.487 [Test worker] INFO  com.girish.utility.PrimeNumberGenerator - Entered input limit for generating prime numbers is: 1
2024-11-14 02:27:35.489 [Test worker] INFO  com.girish.utility.PrimeNumberGenerator - NOTE: Given range to generate prime numbers are between 1 - 1000!
2024-11-14 02:27:35.489 [Test worker] INFO  com.girish.utility.PrimeNumberGenerator - Checking limit range....
2024-11-14 02:27:35.489 [Test worker] ERROR com.girish.utility.PrimeNumberGenerator - Limit range failed!
2024-11-14 02:27:35.491 [Test worker] INFO  com.girish.utility.PrimeNumberGenerator - Entered input limit for generating prime numbers is: 6
2024-11-14 02:27:35.491 [Test worker] INFO  com.girish.utility.PrimeNumberGenerator - NOTE: Given range to generate prime numbers are between 1 - 1000!
2024-11-14 02:27:35.491 [Test worker] INFO  com.girish.utility.PrimeNumberGenerator - Checking limit range....
2024-11-14 02:27:35.492 [Test worker] INFO  com.girish.utility.PrimeNumberGenerator - Limit range passed!
2024-11-14 02:27:35.492 [Test worker] INFO  com.girish.utility.PrimeNumberGenerator - Prime numbers for limit: 6 is: [2, 3, 5]
2024-11-14 02:30:24.485 [Test worker] INFO  com.girish.Main - Hello World!
2024-11-14 02:30:24.523 [Test worker] INFO  com.girish.utility.PrimeNumberGenerator - Entered input limit for generating prime numbers is: 1000
2024-11-14 02:30:24.524 [Test worker] INFO  com.girish.utility.PrimeNumberGenerator - NOTE: Given range to generate prime numbers are between 1 - 1000!
2024-11-14 02:30:24.524 [Test worker] INFO  com.girish.utility.PrimeNumberGenerator - Checking limit range....
2024-11-14 02:30:24.524 [Test worker] INFO  com.girish.utility.PrimeNumberGenerator - Limit range passed!
2024-11-14 02:30:24.528 [Test worker] INFO  com.girish.utility.PrimeNumberGenerator - Prime numbers for limit: 1000 is: [2, 3, 5, 7, 11, 13, 17, 19, 23, 29, 31, 37, 41, 43, 47, 53, 59, 61, 67, 71, 73, 79, 83, 89, 97, 101, 103, 107, 109, 113, 127, 131, 137, 139, 149, 151, 157, 163, 167, 173, 179, 181, 191, 193, 197, 199, 211, 223, 227, 229, 233, 239, 241, 251, 257, 263, 269, 271, 277, 281, 283, 293, 307, 311, 313, 317, 331, 337, 347, 349, 353, 359, 367, 373, 379, 383, 389, 397, 401, 409, 419, 421, 431, 433, 439, 443, 449, 457, 461, 463, 467, 479, 487, 491, 499, 503, 509, 521, 523, 541, 547, 557, 563, 569, 571, 577, 587, 593, 599, 601, 607, 613, 617, 619, 631, 641, 643, 647, 653, 659, 661, 673, 677, 683, 691, 701, 709, 719, 727, 733, 739, 743, 751, 757, 761, 769, 773, 787, 797, 809, 811, 821, 823, 827, 829, 839, 853, 857, 859, 863, 877, 881, 883, 887, 907, 911, 919, 929, 937, 941, 947, 953, 967, 971, 977, 983, 991, 997]
2024-11-14 02:30:24.532 [Test worker] INFO  com.girish.utility.PrimeNumberGenerator - Entered input limit for generating prime numbers is: 1000
2024-11-14 02:30:24.533 [Test worker] INFO  com.girish.utility.PrimeNumberGenerator - NOTE: Given range to generate prime numbers are between 1 - 1000!
2024-11-14 02:30:24.533 [Test worker] INFO  com.girish.utility.PrimeNumberGenerator - Checking limit range....
2024-11-14 02:30:24.533 [Test worker] INFO  com.girish.utility.PrimeNumberGenerator - Limit range passed!
2024-11-14 02:30:24.534 [Test worker] INFO  com.girish.utility.PrimeNumberGenerator - Prime numbers for limit: 1000 is: [2, 3, 5, 7, 11, 13, 17, 19, 23, 29, 31, 37, 41, 43, 47, 53, 59, 61, 67, 71, 73, 79, 83, 89, 97, 101, 103, 107, 109, 113, 127, 131, 137, 139, 149, 151, 157, 163, 167, 173, 179, 181, 191, 193, 197, 199, 211, 223, 227, 229, 233, 239, 241, 251, 257, 263, 269, 271, 277, 281, 283, 293, 307, 311, 313, 317, 331, 337, 347, 349, 353, 359, 367, 373, 379, 383, 389, 397, 401, 409, 419, 421, 431, 433, 439, 443, 449, 457, 461, 463, 467, 479, 487, 491, 499, 503, 509, 521, 523, 541, 547, 557, 563, 569, 571, 577, 587, 593, 599, 601, 607, 613, 617, 619, 631, 641, 643, 647, 653, 659, 661, 673, 677, 683, 691, 701, 709, 719, 727, 733, 739, 743, 751, 757, 761, 769, 773, 787, 797, 809, 811, 821, 823, 827, 829, 839, 853, 857, 859, 863, 877, 881, 883, 887, 907, 911, 919, 929, 937, 941, 947, 953, 967, 971, 977, 983, 991, 997]
2024-11-14 02:30:24.536 [Test worker] INFO  com.girish.utility.PrimeNumberGenerator - Entered input limit for generating prime numbers is: 1000
2024-11-14 02:30:24.536 [Test worker] INFO  com.girish.utility.PrimeNumberGenerator - NOTE: Given range to generate prime numbers are between 1 - 1000!
2024-11-14 02:30:24.536 [Test worker] INFO  com.girish.utility.PrimeNumberGenerator - Checking limit range....
2024-11-14 02:30:24.537 [Test worker] INFO  com.girish.utility.PrimeNumberGenerator - Limit range passed!
2024-11-14 02:30:24.537 [Test worker] INFO  com.girish.utility.PrimeNumberGenerator - Prime numbers for limit: 1000 is: [2, 3, 5, 7, 11, 13, 17, 19, 23, 29, 31, 37, 41, 43, 47, 53, 59, 61, 67, 71, 73, 79, 83, 89, 97, 101, 103, 107, 109, 113, 127, 131, 137, 139, 149, 151, 157, 163, 167, 173, 179, 181, 191, 193, 197, 199, 211, 223, 227, 229, 233, 239, 241, 251, 257, 263, 269, 271, 277, 281, 283, 293, 307, 311, 313, 317, 331, 337, 347, 349, 353, 359, 367, 373, 379, 383, 389, 397, 401, 409, 419, 421, 431, 433, 439, 443, 449, 457, 461, 463, 467, 479, 487, 491, 499, 503, 509, 521, 523, 541, 547, 557, 563, 569, 571, 577, 587, 593, 599, 601, 607, 613, 617, 619, 631, 641, 643, 647, 653, 659, 661, 673, 677, 683, 691, 701, 709, 719, 727, 733, 739, 743, 751, 757, 761, 769, 773, 787, 797, 809, 811, 821, 823, 827, 829, 839, 853, 857, 859, 863, 877, 881, 883, 887, 907, 911, 919, 929, 937, 941, 947, 953, 967, 971, 977, 983, 991, 997]
2024-11-14 02:30:24.541 [Test worker] INFO  com.girish.utility.PrimeNumberGenerator - Entered input limit for generating prime numbers is: 1000
2024-11-14 02:30:24.542 [Test worker] INFO  com.girish.utility.PrimeNumberGenerator - NOTE: Given range to generate prime numbers are between 1 - 1000!
2024-11-14 02:30:24.542 [Test worker] INFO  com.girish.utility.PrimeNumberGenerator - Checking limit range....
2024-11-14 02:30:24.542 [Test worker] INFO  com.girish.utility.PrimeNumberGenerator - Limit range passed!
2024-11-14 02:30:24.543 [Test worker] INFO  com.girish.utility.PrimeNumberGenerator - Prime numbers for limit: 1000 is: [2, 3, 5, 7, 11, 13, 17, 19, 23, 29, 31, 37, 41, 43, 47, 53, 59, 61, 67, 71, 73, 79, 83, 89, 97, 101, 103, 107, 109, 113, 127, 131, 137, 139, 149, 151, 157, 163, 167, 173, 179, 181, 191, 193, 197, 199, 211, 223, 227, 229, 233, 239, 241, 251, 257, 263, 269, 271, 277, 281, 283, 293, 307, 311, 313, 317, 331, 337, 347, 349, 353, 359, 367, 373, 379, 383, 389, 397, 401, 409, 419, 421, 431, 433, 439, 443, 449, 457, 461, 463, 467, 479, 487, 491, 499, 503, 509, 521, 523, 541, 547, 557, 563, 569, 571, 577, 587, 593, 599, 601, 607, 613, 617, 619, 631, 641, 643, 647, 653, 659, 661, 673, 677, 683, 691, 701, 709, 719, 727, 733, 739, 743, 751, 757, 761, 769, 773, 787, 797, 809, 811, 821, 823, 827, 829, 839, 853, 857, 859, 863, 877, 881, 883, 887, 907, 911, 919, 929, 937, 941, 947, 953, 967, 971, 977, 983, 991, 997]
2024-11-14 02:30:24.547 [Test worker] INFO  com.girish.utility.PrimeNumberGenerator - Entered input limit for generating prime numbers is: 2000
2024-11-14 02:30:24.548 [Test worker] INFO  com.girish.utility.PrimeNumberGenerator - NOTE: Given range to generate prime numbers are between 1 - 1000!
2024-11-14 02:30:24.548 [Test worker] INFO  com.girish.utility.PrimeNumberGenerator - Checking limit range....
2024-11-14 02:30:24.548 [Test worker] ERROR com.girish.utility.PrimeNumberGenerator - Limit range failed!
2024-11-14 02:30:24.550 [Test worker] INFO  com.girish.utility.PrimeNumberGenerator - Entered input limit for generating prime numbers is: 1
2024-11-14 02:30:24.551 [Test worker] INFO  com.girish.utility.PrimeNumberGenerator - NOTE: Given range to generate prime numbers are between 1 - 1000!
2024-11-14 02:30:24.551 [Test worker] INFO  com.girish.utility.PrimeNumberGenerator - Checking limit range....
2024-11-14 02:30:24.551 [Test worker] ERROR com.girish.utility.PrimeNumberGenerator - Limit range failed!
2024-11-14 02:30:24.553 [Test worker] INFO  com.girish.utility.PrimeNumberGenerator - Entered input limit for generating prime numbers is: 6
2024-11-14 02:30:24.553 [Test worker] INFO  com.girish.utility.PrimeNumberGenerator - NOTE: Given range to generate prime numbers are between 1 - 1000!
2024-11-14 02:30:24.554 [Test worker] INFO  com.girish.utility.PrimeNumberGenerator - Checking limit range....
2024-11-14 02:30:24.554 [Test worker] INFO  com.girish.utility.PrimeNumberGenerator - Limit range passed!
2024-11-14 02:30:24.554 [Test worker] INFO  com.girish.utility.PrimeNumberGenerator - Prime numbers for limit: 6 is: [2, 3, 5]
